[debug] [2025-04-15T15:07:17.838Z] ----------------------------------------------------------------------
[debug] [2025-04-15T15:07:17.840Z] Command:       C:\Program Files\nodejs\node.exe C:\Users\Mai\AppData\Roaming\npm\node_modules\firebase-tools\lib\bin\firebase.js init
[debug] [2025-04-15T15:07:17.840Z] CLI Version:   14.1.0
[debug] [2025-04-15T15:07:17.840Z] Platform:      win32
[debug] [2025-04-15T15:07:17.840Z] Node Version:  v20.16.0
[debug] [2025-04-15T15:07:17.840Z] Time:          Tue Apr 15 2025 17:07:17 GMT+0200 (Eastern European Standard Time)
[debug] [2025-04-15T15:07:17.840Z] ----------------------------------------------------------------------
[debug] 
[debug] [2025-04-15T15:07:17.847Z] > command requires scopes: ["email","openid","https://www.googleapis.com/auth/cloudplatformprojects.readonly","https://www.googleapis.com/auth/firebase","https://www.googleapis.com/auth/cloud-platform"]
[debug] [2025-04-15T15:07:17.847Z] > authorizing via signed-in user (pnoly531@gmail.com)
[info] 
     ######## #### ########  ######## ########     ###     ######  ########
     ##        ##  ##     ## ##       ##     ##  ##   ##  ##       ##
     ######    ##  ########  ######   ########  #########  ######  ######
     ##        ##  ##    ##  ##       ##     ## ##     ##       ## ##
     ##       #### ##     ## ######## ########  ##     ##  ######  ########

You're about to initialize a Firebase project in this directory:

  C:\Users\Mai\OneDrive\Documents\Depi Final project

[info] 
=== Project Setup
[info] 
[info] First, let's associate this project directory with a Firebase project.
[info] You can create multiple project aliases by running firebase use --add, 
[info] but for now we'll just set up a default project.
[info] 
[info] i  If you want to create a project in a Google Cloud organization or folder, please use "firebase projects:create" instead, and return to this command when you've created the project. 
[debug] [2025-04-15T15:07:59.355Z] Checked if tokens are valid: true, expires at: 1744732757723
[debug] [2025-04-15T15:07:59.356Z] Checked if tokens are valid: true, expires at: 1744732757723
[debug] [2025-04-15T15:07:59.357Z] >>> [apiv2][query] POST https://cloudresourcemanager.googleapis.com/v1/projects [none]
[debug] [2025-04-15T15:07:59.357Z] >>> [apiv2][body] POST https://cloudresourcemanager.googleapis.com/v1/projects {"projectId":"mai136mai136","name":"movieMatch"}
[debug] [2025-04-15T15:07:59.984Z] <<< [apiv2][status] POST https://cloudresourcemanager.googleapis.com/v1/projects 200
[debug] [2025-04-15T15:07:59.984Z] <<< [apiv2][body] POST https://cloudresourcemanager.googleapis.com/v1/projects {"name":"operations/create_project.global.8022893260855546705"}
[debug] [2025-04-15T15:07:59.984Z] Checked if tokens are valid: true, expires at: 1744732757723
[debug] [2025-04-15T15:07:59.985Z] Checked if tokens are valid: true, expires at: 1744732757723
[debug] [2025-04-15T15:07:59.985Z] >>> [apiv2][query] GET https://cloudresourcemanager.googleapis.com/v1/operations/create_project.global.8022893260855546705 [none]
[debug] [2025-04-15T15:08:01.114Z] <<< [apiv2][status] GET https://cloudresourcemanager.googleapis.com/v1/operations/create_project.global.8022893260855546705 200
[debug] [2025-04-15T15:08:01.114Z] <<< [apiv2][body] GET https://cloudresourcemanager.googleapis.com/v1/operations/create_project.global.8022893260855546705 {"name":"operations/create_project.global.8022893260855546705","metadata":{"@type":"type.googleapis.com/google.cloudresourcemanager.v1.ProjectCreationStatus","ready":true},"done":true,"error":{"code":9,"message":"Callers must accept Terms of Service","details":[{"@type":"type.googleapis.com/google.rpc.PreconditionFailure","violations":[{"type":"TOS","subject":"cloud","description":"Callers must accept Terms of Service"}]}]}}
[debug] [2025-04-15T15:08:01.687Z] FirebaseError: Callers must accept Terms of Service
    at OperationPoller.poll (C:\Users\Mai\AppData\Roaming\npm\node_modules\firebase-tools\lib\operation-poller.js:24:19)
    at process.processTicksAndRejections (node:internal/process/task_queues:95:5)
    at async createCloudProject (C:\Users\Mai\AppData\Roaming\npm\node_modules\firebase-tools\lib\management\projects.js:213:29)
    at async createFirebaseProjectAndLog (C:\Users\Mai\AppData\Roaming\npm\node_modules\firebase-tools\lib\management\projects.js:71:9)
    at async promptAndCreateNewProject (C:\Users\Mai\AppData\Roaming\npm\node_modules\firebase-tools\lib\init\features\project.js:32:12)
    at async doSetup (C:\Users\Mai\AppData\Roaming\npm\node_modules\firebase-tools\lib\init\features\project.js:89:27)
    at async init (C:\Users\Mai\AppData\Roaming\npm\node_modules\firebase-tools\lib\init\index.js:41:9)
[error] 
[error] Error: Failed to create project. See firebase-debug.log for more info.
